<?xml version="1.0" encoding="UTF-8"?>
<!-- Generated by org.testng.reporters.JUnitReportReporter -->
<testsuite skipped="0" hostname="DESKTOP-C37E15E" name="quick.Ashish.AshTest2" tests="1" failures="0" timestamp="19 Aug 2020 11:16:15 GMT" time="6.360" errors="0">
  <testcase name="test" time="6.360" classname="quick.Ashish.AshTest2"/>
</testsuite> <!-- quick.Ashish.AshTest2 -->
