<?xml version="1.0" encoding="UTF-8"?>
<!-- Generated by org.testng.reporters.JUnitReportReporter -->
<testsuite skipped="0" hostname="DESKTOP-C37E15E" name="quick.Ashish.AshTest2" tests="1" failures="0" timestamp="18 Sep 2020 13:42:29 GMT" time="5.089" errors="0">
  <testcase name="starts" time="5.089" classname="quick.Ashish.AshTest2"/>
</testsuite> <!-- quick.Ashish.AshTest2 -->
