<?xml version="1.0" encoding="UTF-8"?>
<!-- Generated by org.testng.reporters.JUnitReportReporter -->
<testsuite skipped="0" hostname="DESKTOP-C37E15E" name="beta.Ash1" tests="1" failures="0" timestamp="14 Aug 2020 08:22:45 GMT" time="23.340" errors="0">
  <testcase name="test" time="23.340" classname="beta.Ash1"/>
</testsuite> <!-- beta.Ash1 -->
