<?xml version="1.0" encoding="UTF-8"?>
<!-- Generated by org.testng.reporters.JUnitReportReporter -->
<testsuite skipped="0" hostname="DESKTOP-C37E15E" name="quick.Ashish.Ash" tests="1" failures="0" timestamp="14 Aug 2020 09:22:12 GMT" time="19.097" errors="0">
  <testcase name="test" time="19.097" classname="quick.Ashish.Ash"/>
</testsuite> <!-- quick.Ashish.Ash -->
