<?xml version="1.0" encoding="UTF-8"?>
<!-- Generated by org.testng.reporters.JUnitReportReporter -->
<testsuite skipped="0" hostname="DESKTOP-C37E15E" name="beta.AshTest" tests="1" failures="0" timestamp="15 Aug 2020 17:03:24 GMT" time="45.008" errors="0">
  <testcase name="test" time="45.008" classname="beta.AshTest"/>
</testsuite> <!-- beta.AshTest -->
